<?xml version="1.0" encoding="UTF-8"?>
<testng-results ignored="0" total="1" passed="1" failed="0" skipped="0">
  <reporter-output>
  </reporter-output>
  <suite started-at="2023-09-16T15:39:02 PDT" name="Default suite" finished-at="2023-09-16T15:39:42 PDT" duration-ms="39845">
    <groups>
    </groups>
    <test started-at="2023-09-16T15:39:02 PDT" name="Default test" finished-at="2023-09-16T15:39:42 PDT" duration-ms="39845">
      <class name="driverFactory.AppTest">
        <test-method signature="kickstart()[pri:0, instance:driverFactory.AppTest@5b8dfcc1]" started-at="2023-09-16T15:39:02 PDT" name="kickstart" finished-at="2023-09-16T15:39:42 PDT" duration-ms="39747" status="PASS">
          <reporter-output>
          </reporter-output>
        </test-method> <!-- kickstart -->
      </class> <!-- driverFactory.AppTest -->
    </test> <!-- Default test -->
  </suite> <!-- Default suite -->
</testng-results>
